-------------------------------------------------------------------------------
Test set: TestCreateCourierWithoutData
-------------------------------------------------------------------------------
Tests run: 3, Failures: 1, Errors: 0, Skipped: 0, Time elapsed: 2.642 s <<< FAILURE! - in TestCreateCourierWithoutData
courierWithoutNameCanNotBeCreated(TestCreateCourierWithoutData)  Time elapsed: 0.229 s  <<< FAILURE!
java.lang.AssertionError: expected:<400> but was:<201>
	at TestCreateCourierWithoutData.courierWithoutNameCanNotBeCreated(TestCreateCourierWithoutData.java:49)

