<?xml version="1.0" encoding="UTF-8"?>
<testsuite xmlns:xsi="http://www.w3.org/2001/XMLSchema-instance" xsi:noNamespaceSchemaLocation="https://maven.apache.org/surefire/maven-surefire-plugin/xsd/surefire-test-report.xsd" name="TestCreateOrder" time="1.084" tests="4" errors="0" skipped="0" failures="0">
  <properties>
[...]
</properties>
  <testcase name="orderCanBeCreated[0]" classname="TestCreateOrder" time="0.309"/>
  <testcase name="orderCanBeCreated[1]" classname="TestCreateOrder" time="0.226"/>
  <testcase name="orderCanBeCreated[2]" classname="TestCreateOrder" time="0.254"/>
  <testcase name="orderCanBeCreated[3]" classname="TestCreateOrder" time="0.283"/>
</testsuite>